<?xml version="1.0" encoding="UTF-8"?>
<!-- Generated by org.testng.reporters.JUnitXMLReporter -->
<testsuite ignored="0" hostname="MacBook-Pro-Roman.local" failures="0" tests="2" name="Surefire test" time="142.26" errors="0" timestamp="2020-10-07T12:33:30 MSK">
  <testcase classname="test.CatalogTests" name="CatalogTvFilterManufacturerAndPriceFrom" time="126.911"/>
  <testcase classname="test.CatalogTests" name="CatalogTvFilterManufacturerAndPriceFrom" time="130.046"/>
</testsuite> <!-- Surefire test -->
