<?xml version="1.0" encoding="UTF-8"?>
<!-- Generated by org.testng.reporters.JUnitXMLReporter -->
<testsuite ignored="0" hostname="MacBook-Pro-Roman.local" failures="0" tests="2" name="Surefire test" time="201.265" errors="0" timestamp="2020-10-07T12:56:50 MSK">
  <testcase classname="test.CatalogTests" name="CatalogTvFilterManufacturerAndPriceFrom" time="175.385"/>
  <testcase classname="test.CatalogTests" name="CatalogTvFilterManufacturerAndPriceFrom" time="178.582"/>
</testsuite> <!-- Surefire test -->
