<?xml version="1.0" encoding="UTF-8"?>
<testsuite xmlns:xsi="http://www.w3.org/2001/XMLSchema-instance" xsi:noNamespaceSchemaLocation="https://maven.apache.org/surefire/maven-surefire-plugin/xsd/surefire-test-report-3.0.xsd" version="3.0" name="test.CatalogTests" time="205.746" tests="2" errors="0" skipped="0" failures="0">
  <properties>
[...]
</properties>
  <testcase name="CatalogTvFilterManufacturerAndPriceFrom[24000](1)" classname="test.CatalogTests" time="173.044">
    <system-out><![CDATA[Allure environment data saved.
[DEBUG] 2020-10-07 12:53:30.179 [TestNG-PoolService-0] InternalLoggerFactory - Using Log4J2 as the default logging framework
[DEBUG] 2020-10-07 12:53:30.221 [TestNG-PoolService-0] ResourceLeakDetector - -Dio.netty.leakDetection.level: simple
[DEBUG] 2020-10-07 12:53:30.222 [TestNG-PoolService-0] ResourceLeakDetector - -Dio.netty.leakDetection.targetRecords: 4
[DEBUG] 2020-10-07 12:53:30.236 [TestNG-PoolService-0] ResourceLeakDetectorFactory - Loaded default ResourceLeakDetector: io.netty.util.ResourceLeakDetector@1bea33c4
[DEBUG] 2020-10-07 12:53:30.335 [TestNG-PoolService-0] PlatformDependent - Platform: MacOS
[DEBUG] 2020-10-07 12:53:30.341 [TestNG-PoolService-0] PlatformDependent0 - -Dio.netty.noUnsafe: false
[DEBUG] 2020-10-07 12:53:30.341 [TestNG-PoolService-0] PlatformDependent0 - Java version: 11
[DEBUG] 2020-10-07 12:53:30.347 [TestNG-PoolService-0] PlatformDependent0 - sun.misc.Unsafe.theUnsafe: available
[DEBUG] 2020-10-07 12:53:30.348 [TestNG-PoolService-0] PlatformDependent0 - sun.misc.Unsafe.copyMemory: available
[DEBUG] 2020-10-07 12:53:30.350 [TestNG-PoolService-0] PlatformDependent0 - java.nio.Buffer.address: available
[DEBUG] 2020-10-07 12:53:30.352 [TestNG-PoolService-0] PlatformDependent0 - direct buffer constructor: available
[DEBUG] 2020-10-07 12:53:30.367 [TestNG-PoolService-0] PlatformDependent0 - java.nio.Bits.unaligned: available, true
[DEBUG] 2020-10-07 12:53:30.378 [TestNG-PoolService-0] PlatformDependent0 - jdk.internal.misc.Unsafe.allocateUninitializedArray(int): unavailable
java.lang.IllegalAccessException: class io.netty.util.internal.PlatformDependent0$6 cannot access class jdk.internal.misc.Unsafe (in module java.base) because module java.base does not export jdk.internal.misc to unnamed module @646d64ab
	at jdk.internal.reflect.Reflection.newIllegalAccessException(Reflection.java:361) ~[?:?]
	at java.lang.reflect.AccessibleObject.checkAccess(AccessibleObject.java:591) ~[?:?]
	at java.lang.reflect.Method.invoke(Method.java:558) ~[?:?]
	at io.netty.util.internal.PlatformDependent0$6.run(PlatformDependent0.java:347) ~[netty-common-4.1.49.Final.jar:4.1.49.Final]
	at java.security.AccessController.doPrivileged(Native Method) ~[?:?]
	at io.netty.util.internal.PlatformDependent0.<clinit>(PlatformDependent0.java:338) [netty-common-4.1.49.Final.jar:4.1.49.Final]
	at io.netty.util.internal.PlatformDependent.isAndroid(PlatformDependent.java:289) [netty-common-4.1.49.Final.jar:4.1.49.Final]
	at io.netty.util.internal.PlatformDependent.<clinit>(PlatformDependent.java:92) [netty-common-4.1.49.Final.jar:4.1.49.Final]
	at io.netty.util.HashedWheelTimer.<init>(HashedWheelTimer.java:109) [netty-common-4.1.49.Final.jar:4.1.49.Final]
	at io.netty.util.HashedWheelTimer.<init>(HashedWheelTimer.java:218) [netty-common-4.1.49.Final.jar:4.1.49.Final]
	at io.netty.util.HashedWheelTimer.<init>(HashedWheelTimer.java:197) [netty-common-4.1.49.Final.jar:4.1.49.Final]
	at org.asynchttpclient.DefaultAsyncHttpClient.newNettyTimer(DefaultAsyncHttpClient.java:111) [async-http-client-2.12.1.jar:?]
	at org.asynchttpclient.DefaultAsyncHttpClient.<init>(DefaultAsyncHttpClient.java:90) [async-http-client-2.12.1.jar:?]
	at org.asynchttpclient.Dsl.asyncHttpClient(Dsl.java:32) [async-http-client-2.12.1.jar:?]
	at org.openqa.selenium.remote.http.netty.NettyClient.<clinit>(NettyClient.java:39) [selenium-remote-driver-4.0.0-alpha-6.jar:?]
	at org.openqa.selenium.remote.http.netty.NettyClient$Factory.createClient(NettyClient.java:86) [selenium-remote-driver-4.0.0-alpha-6.jar:?]
	at org.openqa.selenium.remote.http.HttpClient$Factory.createClient(HttpClient.java:80) [selenium-http-4.0.0-alpha-6.jar:?]
	at org.openqa.selenium.remote.HttpCommandExecutor.<init>(HttpCommandExecutor.java:89) [selenium-remote-driver-4.0.0-alpha-6.jar:?]
	at org.openqa.selenium.remote.HttpCommandExecutor.<init>(HttpCommandExecutor.java:72) [selenium-remote-driver-4.0.0-alpha-6.jar:?]
	at org.openqa.selenium.remote.HttpCommandExecutor.<init>(HttpCommandExecutor.java:59) [selenium-remote-driver-4.0.0-alpha-6.jar:?]
	at org.openqa.selenium.remote.RemoteWebDriver.<init>(RemoteWebDriver.java:149) [selenium-remote-driver-4.0.0-alpha-6.jar:?]
	at driver.RemoteDriverManager.createInstance(RemoteDriverManager.java:27) [classes/:?]
	at driver.DriverFactory.createInstance(DriverFactory.java:13) [classes/:?]
	at test.BaseWeb.preCondition(BaseWeb.java:25) [classes/:?]
	at jdk.internal.reflect.NativeMethodAccessorImpl.invoke0(Native Method) ~[?:?]
	at jdk.internal.reflect.NativeMethodAccessorImpl.invoke(NativeMethodAccessorImpl.java:62) ~[?:?]
	at jdk.internal.reflect.DelegatingMethodAccessorImpl.invoke(DelegatingMethodAccessorImpl.java:43) ~[?:?]
	at java.lang.reflect.Method.invoke(Method.java:566) ~[?:?]
	at org.testng.internal.MethodInvocationHelper.invokeMethod(MethodInvocationHelper.java:132) [testng-7.3.0.jar:?]
	at org.testng.internal.MethodInvocationHelper.invokeMethodConsideringTimeout(MethodInvocationHelper.java:61) [testng-7.3.0.jar:?]
	at org.testng.internal.ConfigInvoker.invokeConfigurationMethod(ConfigInvoker.java:366) [testng-7.3.0.jar:?]
	at org.testng.internal.ConfigInvoker.invokeConfigurations(ConfigInvoker.java:320) [testng-7.3.0.jar:?]
	at org.testng.internal.TestInvoker.runConfigMethods(TestInvoker.java:701) [testng-7.3.0.jar:?]
	at org.testng.internal.TestInvoker.invokeMethod(TestInvoker.java:527) [testng-7.3.0.jar:?]
	at org.testng.internal.TestInvoker.invokeTestMethod(TestInvoker.java:174) [testng-7.3.0.jar:?]
	at org.testng.internal.TestMethodWithDataProviderMethodWorker.call(TestMethodWithDataProviderMethodWorker.java:77) [testng-7.3.0.jar:?]
	at org.testng.internal.TestMethodWithDataProviderMethodWorker.call(TestMethodWithDataProviderMethodWorker.java:15) [testng-7.3.0.jar:?]
	at java.util.concurrent.FutureTask.run(FutureTask.java:264) [?:?]
	at java.util.concurrent.Executors$RunnableAdapter.call(Executors.java:515) [?:?]
	at java.util.concurrent.FutureTask.run(FutureTask.java:264) [?:?]
	at java.util.concurrent.ThreadPoolExecutor.runWorker(ThreadPoolExecutor.java:1128) [?:?]
	at java.util.concurrent.ThreadPoolExecutor$Worker.run(ThreadPoolExecutor.java:628) [?:?]
	at java.lang.Thread.run(Thread.java:834) [?:?]
[DEBUG] 2020-10-07 12:53:30.423 [TestNG-PoolService-0] PlatformDependent0 - java.nio.DirectByteBuffer.<init>(long, int): available
[DEBUG] 2020-10-07 12:53:30.423 [TestNG-PoolService-0] PlatformDependent - sun.misc.Unsafe: available
[DEBUG] 2020-10-07 12:53:30.424 [TestNG-PoolService-0] PlatformDependent - maxDirectMemory: 2147483648 bytes (maybe)
[DEBUG] 2020-10-07 12:53:30.425 [TestNG-PoolService-0] PlatformDependent - -Dio.netty.tmpdir: /var/folders/kw/vbzlvqb51fn2fj7jrkzy1ghh0000gn/T (java.io.tmpdir)
[DEBUG] 2020-10-07 12:53:30.425 [TestNG-PoolService-0] PlatformDependent - -Dio.netty.bitMode: 64 (sun.arch.data.model)
[DEBUG] 2020-10-07 12:53:30.427 [TestNG-PoolService-0] PlatformDependent - -Dio.netty.maxDirectMemory: 2147483648 bytes
[DEBUG] 2020-10-07 12:53:30.427 [TestNG-PoolService-0] PlatformDependent - -Dio.netty.uninitializedArrayAllocationThreshold: -1
[DEBUG] 2020-10-07 12:53:30.430 [TestNG-PoolService-0] CleanerJava9 - java.nio.ByteBuffer.cleaner(): available
[DEBUG] 2020-10-07 12:53:30.430 [TestNG-PoolService-0] PlatformDependent - -Dio.netty.noPreferDirect: false
[DEBUG] 2020-10-07 12:53:30.469 [TestNG-PoolService-0] PlatformDependent - org.jctools-core.MpscChunkedArrayQueue: available
[DEBUG] 2020-10-07 12:53:31.871 [TestNG-PoolService-0] JdkSslContext - Default protocols (JDK): [TLSv1.2, TLSv1.1, TLSv1] 
[DEBUG] 2020-10-07 12:53:31.872 [TestNG-PoolService-0] JdkSslContext - Default cipher suites (JDK): [TLS_ECDHE_ECDSA_WITH_AES_256_GCM_SHA384, TLS_ECDHE_ECDSA_WITH_AES_128_GCM_SHA256, TLS_ECDHE_RSA_WITH_AES_128_GCM_SHA256, TLS_ECDHE_RSA_WITH_AES_256_GCM_SHA384, TLS_ECDHE_RSA_WITH_AES_128_CBC_SHA, TLS_ECDHE_RSA_WITH_AES_256_CBC_SHA, TLS_RSA_WITH_AES_128_GCM_SHA256, TLS_RSA_WITH_AES_128_CBC_SHA, TLS_RSA_WITH_AES_256_CBC_SHA, TLS_AES_128_GCM_SHA256, TLS_AES_256_GCM_SHA384]
[DEBUG] 2020-10-07 12:53:32.196 [TestNG-PoolService-0] InternalThreadLocalMap - -Dio.netty.threadLocalMap.stringBuilder.initialSize: 1024
[DEBUG] 2020-10-07 12:53:32.196 [TestNG-PoolService-0] InternalThreadLocalMap - -Dio.netty.threadLocalMap.stringBuilder.maxSize: 4096
[DEBUG] 2020-10-07 12:53:32.251 [TestNG-PoolService-0] MultithreadEventLoopGroup - -Dio.netty.eventLoopThreads: 8
[DEBUG] 2020-10-07 12:53:32.319 [TestNG-PoolService-0] NioEventLoop - -Dio.netty.noKeySetOptimization: false
[DEBUG] 2020-10-07 12:53:32.319 [TestNG-PoolService-0] NioEventLoop - -Dio.netty.selectorAutoRebuildThreshold: 512
[DEBUG] 2020-10-07 12:53:33.112 [TestNG-PoolService-0] PooledByteBufAllocator - -Dio.netty.allocator.numHeapArenas: 8
[DEBUG] 2020-10-07 12:53:33.112 [TestNG-PoolService-0] PooledByteBufAllocator - -Dio.netty.allocator.numDirectArenas: 8
[DEBUG] 2020-10-07 12:53:33.112 [TestNG-PoolService-0] PooledByteBufAllocator - -Dio.netty.allocator.pageSize: 8192
[DEBUG] 2020-10-07 12:53:33.113 [TestNG-PoolService-0] PooledByteBufAllocator - -Dio.netty.allocator.maxOrder: 11
[DEBUG] 2020-10-07 12:53:33.113 [TestNG-PoolService-0] PooledByteBufAllocator - -Dio.netty.allocator.chunkSize: 16777216
[DEBUG] 2020-10-07 12:53:33.113 [TestNG-PoolService-0] PooledByteBufAllocator - -Dio.netty.allocator.tinyCacheSize: 512
[DEBUG] 2020-10-07 12:53:33.114 [TestNG-PoolService-0] PooledByteBufAllocator - -Dio.netty.allocator.smallCacheSize: 256
[DEBUG] 2020-10-07 12:53:33.114 [TestNG-PoolService-0] PooledByteBufAllocator - -Dio.netty.allocator.normalCacheSize: 64
[DEBUG] 2020-10-07 12:53:33.114 [TestNG-PoolService-0] PooledByteBufAllocator - -Dio.netty.allocator.maxCachedBufferCapacity: 32768
[DEBUG] 2020-10-07 12:53:33.156 [TestNG-PoolService-0] PooledByteBufAllocator - -Dio.netty.allocator.cacheTrimInterval: 8192
[DEBUG] 2020-10-07 12:53:33.156 [TestNG-PoolService-0] PooledByteBufAllocator - -Dio.netty.allocator.cacheTrimIntervalMillis: 0
[DEBUG] 2020-10-07 12:53:33.157 [TestNG-PoolService-0] PooledByteBufAllocator - -Dio.netty.allocator.useCacheForAllThreads: true
[DEBUG] 2020-10-07 12:53:33.157 [TestNG-PoolService-0] PooledByteBufAllocator - -Dio.netty.allocator.maxCachedByteBuffersPerChunk: 1023
[DEBUG] 2020-10-07 12:53:33.195 [TestNG-PoolService-0] ByteBufUtil - -Dio.netty.allocator.type: pooled
[DEBUG] 2020-10-07 12:53:33.196 [TestNG-PoolService-0] ByteBufUtil - -Dio.netty.threadLocalDirectBufferSize: 0
[DEBUG] 2020-10-07 12:53:33.196 [TestNG-PoolService-0] ByteBufUtil - -Dio.netty.maxThreadLocalCharBufferSize: 16384
[DEBUG] 2020-10-07 12:53:34.465 [Forwarding newSession on session null to remote] DefaultChannelId - -Dio.netty.processId: 1618 (auto-detected)
[DEBUG] 2020-10-07 12:53:34.476 [Forwarding newSession on session null to remote] NetUtil - -Djava.net.preferIPv4Stack: false
[DEBUG] 2020-10-07 12:53:34.476 [Forwarding newSession on session null to remote] NetUtil - -Djava.net.preferIPv6Addresses: false
[DEBUG] 2020-10-07 12:53:34.488 [Forwarding newSession on session null to remote] NetUtil - Loopback interface: lo0 (lo0, 0:0:0:0:0:0:0:1%lo0)
[DEBUG] 2020-10-07 12:53:34.492 [Forwarding newSession on session null to remote] NetUtil - Failed to get SOMAXCONN from sysctl and file /proc/sys/net/core/somaxconn. Default: 128
[DEBUG] 2020-10-07 12:53:34.496 [Forwarding newSession on session null to remote] DefaultChannelId - -Dio.netty.machineId: 60:f8:1d:ff:fe:ae:a7:ce (auto-detected)
[DEBUG] 2020-10-07 12:53:34.717 [AsyncHttpClient-3-1] AbstractByteBuf - -Dio.netty.buffer.checkAccessible: true
[DEBUG] 2020-10-07 12:53:34.717 [AsyncHttpClient-3-1] AbstractByteBuf - -Dio.netty.buffer.checkBounds: true
[DEBUG] 2020-10-07 12:53:34.718 [AsyncHttpClient-3-1] ResourceLeakDetectorFactory - Loaded default ResourceLeakDetector: io.netty.util.ResourceLeakDetector@2d9f3d46
[DEBUG] 2020-10-07 12:53:34.821 [AsyncHttpClient-3-2] Recycler - -Dio.netty.recycler.maxCapacityPerThread: 4096
[DEBUG] 2020-10-07 12:53:34.822 [AsyncHttpClient-3-2] Recycler - -Dio.netty.recycler.maxSharedCapacityFactor: 2
[DEBUG] 2020-10-07 12:53:34.822 [AsyncHttpClient-3-2] Recycler - -Dio.netty.recycler.linkCapacity: 16
[DEBUG] 2020-10-07 12:53:34.822 [AsyncHttpClient-3-2] Recycler - -Dio.netty.recycler.ratio: 8
]]></system-out>
    <system-err><![CDATA[SLF4J: Failed to load class "org.slf4j.impl.StaticLoggerBinder".
SLF4J: Defaulting to no-operation (NOP) logger implementation
SLF4J: See http://www.slf4j.org/codes.html#StaticLoggerBinder for further details.
окт. 07, 2020 12:53:41 PM org.openqa.selenium.remote.ProtocolHandshake createSession
INFO: Detected dialect: W3C
окт. 07, 2020 12:53:41 PM org.openqa.selenium.remote.ProtocolHandshake createSession
INFO: Detected dialect: W3C
]]></system-err>
  </testcase>
  <testcase name="CatalogTvFilterManufacturerAndPriceFrom[20000](2)" classname="test.CatalogTests" time="178.584"/>
</testsuite>