<?xml version="1.0" encoding="UTF-8"?>
<testng-results ignored="0" total="2" passed="2" failed="0" skipped="0">
  <reporter-output>
  </reporter-output>
  <suite started-at="2020-10-07T12:31:07 MSK" name="Surefire suite" finished-at="2020-10-07T12:33:29 MSK" duration-ms="142260">
    <groups>
    </groups>
    <test started-at="2020-10-07T12:31:07 MSK" name="Surefire test" finished-at="2020-10-07T12:33:29 MSK" duration-ms="142260">
      <class name="test.CatalogTests">
        <test-method is-config="true" signature="beforeSuite()[pri:0, instance:test.CatalogTests@368d5c00]" started-at="2020-10-07T12:31:06 MSK" name="beforeSuite" finished-at="2020-10-07T12:31:07 MSK" duration-ms="1166" status="PASS">
          <reporter-output>
          </reporter-output>
        </test-method> <!-- beforeSuite -->
        <test-method is-config="true" signature="preCondition(java.lang.String)[pri:0, instance:test.CatalogTests@368d5c00]" started-at="2020-10-07T12:31:07 MSK" name="preCondition" finished-at="2020-10-07T12:31:19 MSK" duration-ms="11436" status="PASS">
          <params>
            <param index="0">
              <value>
                <![CDATA[chrome]]>
              </value>
            </param>
          </params>
          <reporter-output>
          </reporter-output>
        </test-method> <!-- preCondition -->
        <test-method is-config="true" signature="preCondition(java.lang.String)[pri:0, instance:test.CatalogTests@368d5c00]" started-at="2020-10-07T12:31:07 MSK" name="preCondition" finished-at="2020-10-07T12:31:21 MSK" duration-ms="13457" status="PASS">
          <params>
            <param index="0">
              <value>
                <![CDATA[chrome]]>
              </value>
            </param>
          </params>
          <reporter-output>
          </reporter-output>
        </test-method> <!-- preCondition -->
        <test-method signature="CatalogTvFilterManufacturerAndPriceFrom(java.lang.String)[pri:0, instance:test.CatalogTests@368d5c00]" started-at="2020-10-07T12:31:19 MSK" name="CatalogTvFilterManufacturerAndPriceFrom" description="Catalog test" data-provider="dataProvider" finished-at="2020-10-07T12:33:29 MSK" duration-ms="130046" status="PASS">
          <params>
            <param index="0">
              <value>
                <![CDATA[24000]]>
              </value>
            </param>
          </params>
          <reporter-output>
          </reporter-output>
        </test-method> <!-- CatalogTvFilterManufacturerAndPriceFrom -->
        <test-method signature="CatalogTvFilterManufacturerAndPriceFrom(java.lang.String)[pri:0, instance:test.CatalogTests@368d5c00]" started-at="2020-10-07T12:31:21 MSK" name="CatalogTvFilterManufacturerAndPriceFrom" description="Catalog test" data-provider="dataProvider" finished-at="2020-10-07T12:33:28 MSK" duration-ms="126911" status="PASS">
          <params>
            <param index="0">
              <value>
                <![CDATA[20000]]>
              </value>
            </param>
          </params>
          <reporter-output>
          </reporter-output>
        </test-method> <!-- CatalogTvFilterManufacturerAndPriceFrom -->
        <test-method is-config="true" signature="postCondition()[pri:0, instance:test.CatalogTests@368d5c00]" started-at="2020-10-07T12:33:28 MSK" name="postCondition" finished-at="2020-10-07T12:33:28 MSK" duration-ms="354" status="PASS">
          <reporter-output>
          </reporter-output>
        </test-method> <!-- postCondition -->
        <test-method is-config="true" signature="postCondition()[pri:0, instance:test.CatalogTests@368d5c00]" started-at="2020-10-07T12:33:29 MSK" name="postCondition" finished-at="2020-10-07T12:33:29 MSK" duration-ms="343" status="PASS">
          <reporter-output>
          </reporter-output>
        </test-method> <!-- postCondition -->
      </class> <!-- test.CatalogTests -->
    </test> <!-- Surefire test -->
  </suite> <!-- Surefire suite -->
</testng-results>
