<?xml version="1.0" encoding="UTF-8"?>
<testng-results ignored="0" total="2" passed="2" failed="0" skipped="0">
  <reporter-output>
  </reporter-output>
  <suite started-at="2020-10-07T12:53:29 MSK" name="Surefire suite" finished-at="2020-10-07T12:56:50 MSK" duration-ms="201265">
    <groups>
    </groups>
    <test started-at="2020-10-07T12:53:29 MSK" name="Surefire test" finished-at="2020-10-07T12:56:50 MSK" duration-ms="201265">
      <class name="test.CatalogTests">
        <test-method is-config="true" signature="beforeSuite()[pri:0, instance:test.CatalogTests@160396db]" started-at="2020-10-07T12:53:28 MSK" name="beforeSuite" finished-at="2020-10-07T12:53:29 MSK" duration-ms="509" status="PASS">
          <reporter-output>
          </reporter-output>
        </test-method> <!-- beforeSuite -->
        <test-method is-config="true" signature="preCondition(java.lang.String)[pri:0, instance:test.CatalogTests@160396db]" started-at="2020-10-07T12:53:29 MSK" name="preCondition" finished-at="2020-10-07T12:53:47 MSK" duration-ms="17982" status="PASS">
          <params>
            <param index="0">
              <value>
                <![CDATA[chrome]]>
              </value>
            </param>
          </params>
          <reporter-output>
          </reporter-output>
        </test-method> <!-- preCondition -->
        <test-method is-config="true" signature="preCondition(java.lang.String)[pri:0, instance:test.CatalogTests@160396db]" started-at="2020-10-07T12:53:29 MSK" name="preCondition" finished-at="2020-10-07T12:53:51 MSK" duration-ms="22247" status="PASS">
          <params>
            <param index="0">
              <value>
                <![CDATA[chrome]]>
              </value>
            </param>
          </params>
          <reporter-output>
          </reporter-output>
        </test-method> <!-- preCondition -->
        <test-method signature="CatalogTvFilterManufacturerAndPriceFrom(java.lang.String)[pri:0, instance:test.CatalogTests@160396db]" started-at="2020-10-07T12:53:49 MSK" name="CatalogTvFilterManufacturerAndPriceFrom" description="Catalog test" data-provider="dataProvider" finished-at="2020-10-07T12:56:44 MSK" duration-ms="175385" status="PASS">
          <params>
            <param index="0">
              <value>
                <![CDATA[24000]]>
              </value>
            </param>
          </params>
          <reporter-output>
          </reporter-output>
        </test-method> <!-- CatalogTvFilterManufacturerAndPriceFrom -->
        <test-method signature="CatalogTvFilterManufacturerAndPriceFrom(java.lang.String)[pri:0, instance:test.CatalogTests@160396db]" started-at="2020-10-07T12:53:51 MSK" name="CatalogTvFilterManufacturerAndPriceFrom" description="Catalog test" data-provider="dataProvider" finished-at="2020-10-07T12:56:50 MSK" duration-ms="178582" status="PASS">
          <params>
            <param index="0">
              <value>
                <![CDATA[20000]]>
              </value>
            </param>
          </params>
          <reporter-output>
          </reporter-output>
        </test-method> <!-- CatalogTvFilterManufacturerAndPriceFrom -->
        <test-method is-config="true" signature="postCondition()[pri:0, instance:test.CatalogTests@160396db]" started-at="2020-10-07T12:56:44 MSK" name="postCondition" finished-at="2020-10-07T12:56:45 MSK" duration-ms="458" status="PASS">
          <reporter-output>
          </reporter-output>
        </test-method> <!-- postCondition -->
        <test-method is-config="true" signature="postCondition()[pri:0, instance:test.CatalogTests@160396db]" started-at="2020-10-07T12:56:50 MSK" name="postCondition" finished-at="2020-10-07T12:56:50 MSK" duration-ms="268" status="PASS">
          <reporter-output>
          </reporter-output>
        </test-method> <!-- postCondition -->
      </class> <!-- test.CatalogTests -->
    </test> <!-- Surefire test -->
  </suite> <!-- Surefire suite -->
</testng-results>
